[2024-06-18 10:14:47] local.ERROR: SQLSTATE[42S02]: Base table or view not found: 1146 Table 'libretto-jspe3a33.book_genre' doesn't exist (Connection: mysql, SQL: insert into `book_genre` (`book_id`, `genre_id`) values (1, 1), (1, 2)) {"exception":"[object] (Illuminate\\Database\\QueryException(code: 42S02): SQLSTATE[42S02]: Base table or view not found: 1146 Table 'libretto-jspe3a33.book_genre' doesn't exist (Connection: mysql, SQL: insert into `book_genre` (`book_id`, `genre_id`) values (1, 1), (1, 2)) at C:\\Web\\Web3\\laravel\\eloquent-relationships\\vendor\\laravel\\framework\\src\\Illuminate\\Database\\Connection.php:813)
[stacktrace]
#0 C:\\Web\\Web3\\laravel\\eloquent-relationships\\vendor\\laravel\\framework\\src\\Illuminate\\Database\\Connection.php(767): Illuminate\\Database\\Connection->runQueryCallback('insert into `bo...', Array, Object(Closure))
#1 C:\\Web\\Web3\\laravel\\eloquent-relationships\\vendor\\laravel\\framework\\src\\Illuminate\\Database\\Connection.php(560): Illuminate\\Database\\Connection->run('insert into `bo...', Array, Object(Closure))
#2 C:\\Web\\Web3\\laravel\\eloquent-relationships\\vendor\\laravel\\framework\\src\\Illuminate\\Database\\Connection.php(524): Illuminate\\Database\\Connection->statement('insert into `bo...', Array)
#3 C:\\Web\\Web3\\laravel\\eloquent-relationships\\vendor\\laravel\\framework\\src\\Illuminate\\Database\\Query\\Builder.php(3608): Illuminate\\Database\\Connection->insert('insert into `bo...', Array)
#4 C:\\Web\\Web3\\laravel\\eloquent-relationships\\vendor\\laravel\\framework\\src\\Illuminate\\Database\\Eloquent\\Relations\\Concerns\\InteractsWithPivotTable.php(276): Illuminate\\Database\\Query\\Builder->insert(Array)
#5 C:\\Web\\Web3\\laravel\\eloquent-relationships\\database\\seeders\\DatabaseSeeder.php(25): Illuminate\\Database\\Eloquent\\Relations\\BelongsToMany->attach(Object(Illuminate\\Database\\Eloquent\\Collection))
#6 C:\\Web\\Web3\\laravel\\eloquent-relationships\\vendor\\laravel\\framework\\src\\Illuminate\\Collections\\Traits\\EnumeratesValues.php(259): Database\\Seeders\\DatabaseSeeder->Database\\Seeders\\{closure}(Object(App\\Models\\Book), 0)
#7 C:\\Web\\Web3\\laravel\\eloquent-relationships\\database\\seeders\\DatabaseSeeder.php(23): Illuminate\\Support\\Collection->each(Object(Closure))
#8 C:\\Web\\Web3\\laravel\\eloquent-relationships\\vendor\\laravel\\framework\\src\\Illuminate\\Collections\\Traits\\EnumeratesValues.php(259): Database\\Seeders\\DatabaseSeeder->Database\\Seeders\\{closure}(Object(App\\Models\\Author), 0)
#9 C:\\Web\\Web3\\laravel\\eloquent-relationships\\database\\seeders\\DatabaseSeeder.php(20): Illuminate\\Support\\Collection->each(Object(Closure))
#10 C:\\Web\\Web3\\laravel\\eloquent-relationships\\vendor\\laravel\\framework\\src\\Illuminate\\Container\\BoundMethod.php(36): Database\\Seeders\\DatabaseSeeder->run()
#11 C:\\Web\\Web3\\laravel\\eloquent-relationships\\vendor\\laravel\\framework\\src\\Illuminate\\Container\\Util.php(41): Illuminate\\Container\\BoundMethod::Illuminate\\Container\\{closure}()
#12 C:\\Web\\Web3\\laravel\\eloquent-relationships\\vendor\\laravel\\framework\\src\\Illuminate\\Container\\BoundMethod.php(93): Illuminate\\Container\\Util::unwrapIfClosure(Object(Closure))
#13 C:\\Web\\Web3\\laravel\\eloquent-relationships\\vendor\\laravel\\framework\\src\\Illuminate\\Container\\BoundMethod.php(35): Illuminate\\Container\\BoundMethod::callBoundMethod(Object(Illuminate\\Foundation\\Application), Array, Object(Closure))
#14 C:\\Web\\Web3\\laravel\\eloquent-relationships\\vendor\\laravel\\framework\\src\\Illuminate\\Container\\Container.php(662): Illuminate\\Container\\BoundMethod::call(Object(Illuminate\\Foundation\\Application), Array, Array, NULL)
#15 C:\\Web\\Web3\\laravel\\eloquent-relationships\\vendor\\laravel\\framework\\src\\Illuminate\\Database\\Seeder.php(184): Illuminate\\Container\\Container->call(Array, Array)
#16 C:\\Web\\Web3\\laravel\\eloquent-relationships\\vendor\\laravel\\framework\\src\\Illuminate\\Database\\Seeder.php(193): Illuminate\\Database\\Seeder->Illuminate\\Database\\{closure}()
#17 C:\\Web\\Web3\\laravel\\eloquent-relationships\\vendor\\laravel\\framework\\src\\Illuminate\\Database\\Console\\Seeds\\SeedCommand.php(70): Illuminate\\Database\\Seeder->__invoke()
#18 C:\\Web\\Web3\\laravel\\eloquent-relationships\\vendor\\laravel\\framework\\src\\Illuminate\\Database\\Eloquent\\Concerns\\GuardsAttributes.php(155): Illuminate\\Database\\Console\\Seeds\\SeedCommand->Illuminate\\Database\\Console\\Seeds\\{closure}()
#19 C:\\Web\\Web3\\laravel\\eloquent-relationships\\vendor\\laravel\\framework\\src\\Illuminate\\Database\\Console\\Seeds\\SeedCommand.php(69): Illuminate\\Database\\Eloquent\\Model::unguarded(Object(Closure))
#20 C:\\Web\\Web3\\laravel\\eloquent-relationships\\vendor\\laravel\\framework\\src\\Illuminate\\Container\\BoundMethod.php(36): Illuminate\\Database\\Console\\Seeds\\SeedCommand->handle()
#21 C:\\Web\\Web3\\laravel\\eloquent-relationships\\vendor\\laravel\\framework\\src\\Illuminate\\Container\\Util.php(41): Illuminate\\Container\\BoundMethod::Illuminate\\Container\\{closure}()
#22 C:\\Web\\Web3\\laravel\\eloquent-relationships\\vendor\\laravel\\framework\\src\\Illuminate\\Container\\BoundMethod.php(93): Illuminate\\Container\\Util::unwrapIfClosure(Object(Closure))
#23 C:\\Web\\Web3\\laravel\\eloquent-relationships\\vendor\\laravel\\framework\\src\\Illuminate\\Container\\BoundMethod.php(35): Illuminate\\Container\\BoundMethod::callBoundMethod(Object(Illuminate\\Foundation\\Application), Array, Object(Closure))
#24 C:\\Web\\Web3\\laravel\\eloquent-relationships\\vendor\\laravel\\framework\\src\\Illuminate\\Container\\Container.php(662): Illuminate\\Container\\BoundMethod::call(Object(Illuminate\\Foundation\\Application), Array, Array, NULL)
#25 C:\\Web\\Web3\\laravel\\eloquent-relationships\\vendor\\laravel\\framework\\src\\Illuminate\\Console\\Command.php(213): Illuminate\\Container\\Container->call(Array)
#26 C:\\Web\\Web3\\laravel\\eloquent-relationships\\vendor\\symfony\\console\\Command\\Command.php(279): Illuminate\\Console\\Command->execute(Object(Symfony\\Component\\Console\\Input\\ArgvInput), Object(Illuminate\\Console\\OutputStyle))
#27 C:\\Web\\Web3\\laravel\\eloquent-relationships\\vendor\\laravel\\framework\\src\\Illuminate\\Console\\Command.php(182): Symfony\\Component\\Console\\Command\\Command->run(Object(Symfony\\Component\\Console\\Input\\ArgvInput), Object(Illuminate\\Console\\OutputStyle))
#28 C:\\Web\\Web3\\laravel\\eloquent-relationships\\vendor\\symfony\\console\\Application.php(1047): Illuminate\\Console\\Command->run(Object(Symfony\\Component\\Console\\Input\\ArgvInput), Object(Symfony\\Component\\Console\\Output\\ConsoleOutput))
#29 C:\\Web\\Web3\\laravel\\eloquent-relationships\\vendor\\symfony\\console\\Application.php(316): Symfony\\Component\\Console\\Application->doRunCommand(Object(Illuminate\\Database\\Console\\Seeds\\SeedCommand), Object(Symfony\\Component\\Console\\Input\\ArgvInput), Object(Symfony\\Component\\Console\\Output\\ConsoleOutput))
#30 C:\\Web\\Web3\\laravel\\eloquent-relationships\\vendor\\symfony\\console\\Application.php(167): Symfony\\Component\\Console\\Application->doRun(Object(Symfony\\Component\\Console\\Input\\ArgvInput), Object(Symfony\\Component\\Console\\Output\\ConsoleOutput))
#31 C:\\Web\\Web3\\laravel\\eloquent-relationships\\vendor\\laravel\\framework\\src\\Illuminate\\Foundation\\Console\\Kernel.php(196): Symfony\\Component\\Console\\Application->run(Object(Symfony\\Component\\Console\\Input\\ArgvInput), Object(Symfony\\Component\\Console\\Output\\ConsoleOutput))
#32 C:\\Web\\Web3\\laravel\\eloquent-relationships\\vendor\\laravel\\framework\\src\\Illuminate\\Foundation\\Application.php(1198): Illuminate\\Foundation\\Console\\Kernel->handle(Object(Symfony\\Component\\Console\\Input\\ArgvInput), Object(Symfony\\Component\\Console\\Output\\ConsoleOutput))
#33 C:\\Web\\Web3\\laravel\\eloquent-relationships\\artisan(13): Illuminate\\Foundation\\Application->handleCommand(Object(Symfony\\Component\\Console\\Input\\ArgvInput))
#34 {main}

[previous exception] [object] (PDOException(code: 42S02): SQLSTATE[42S02]: Base table or view not found: 1146 Table 'libretto-jspe3a33.book_genre' doesn't exist at C:\\Web\\Web3\\laravel\\eloquent-relationships\\vendor\\laravel\\framework\\src\\Illuminate\\Database\\Connection.php:565)
[stacktrace]
#0 C:\\Web\\Web3\\laravel\\eloquent-relationships\\vendor\\laravel\\framework\\src\\Illuminate\\Database\\Connection.php(565): PDO->prepare('insert into `bo...')
#1 C:\\Web\\Web3\\laravel\\eloquent-relationships\\vendor\\laravel\\framework\\src\\Illuminate\\Database\\Connection.php(800): Illuminate\\Database\\Connection->Illuminate\\Database\\{closure}('insert into `bo...', Array)
#2 C:\\Web\\Web3\\laravel\\eloquent-relationships\\vendor\\laravel\\framework\\src\\Illuminate\\Database\\Connection.php(767): Illuminate\\Database\\Connection->runQueryCallback('insert into `bo...', Array, Object(Closure))
#3 C:\\Web\\Web3\\laravel\\eloquent-relationships\\vendor\\laravel\\framework\\src\\Illuminate\\Database\\Connection.php(560): Illuminate\\Database\\Connection->run('insert into `bo...', Array, Object(Closure))
#4 C:\\Web\\Web3\\laravel\\eloquent-relationships\\vendor\\laravel\\framework\\src\\Illuminate\\Database\\Connection.php(524): Illuminate\\Database\\Connection->statement('insert into `bo...', Array)
#5 C:\\Web\\Web3\\laravel\\eloquent-relationships\\vendor\\laravel\\framework\\src\\Illuminate\\Database\\Query\\Builder.php(3608): Illuminate\\Database\\Connection->insert('insert into `bo...', Array)
#6 C:\\Web\\Web3\\laravel\\eloquent-relationships\\vendor\\laravel\\framework\\src\\Illuminate\\Database\\Eloquent\\Relations\\Concerns\\InteractsWithPivotTable.php(276): Illuminate\\Database\\Query\\Builder->insert(Array)
#7 C:\\Web\\Web3\\laravel\\eloquent-relationships\\database\\seeders\\DatabaseSeeder.php(25): Illuminate\\Database\\Eloquent\\Relations\\BelongsToMany->attach(Object(Illuminate\\Database\\Eloquent\\Collection))
#8 C:\\Web\\Web3\\laravel\\eloquent-relationships\\vendor\\laravel\\framework\\src\\Illuminate\\Collections\\Traits\\EnumeratesValues.php(259): Database\\Seeders\\DatabaseSeeder->Database\\Seeders\\{closure}(Object(App\\Models\\Book), 0)
#9 C:\\Web\\Web3\\laravel\\eloquent-relationships\\database\\seeders\\DatabaseSeeder.php(23): Illuminate\\Support\\Collection->each(Object(Closure))
#10 C:\\Web\\Web3\\laravel\\eloquent-relationships\\vendor\\laravel\\framework\\src\\Illuminate\\Collections\\Traits\\EnumeratesValues.php(259): Database\\Seeders\\DatabaseSeeder->Database\\Seeders\\{closure}(Object(App\\Models\\Author), 0)
#11 C:\\Web\\Web3\\laravel\\eloquent-relationships\\database\\seeders\\DatabaseSeeder.php(20): Illuminate\\Support\\Collection->each(Object(Closure))
#12 C:\\Web\\Web3\\laravel\\eloquent-relationships\\vendor\\laravel\\framework\\src\\Illuminate\\Container\\BoundMethod.php(36): Database\\Seeders\\DatabaseSeeder->run()
#13 C:\\Web\\Web3\\laravel\\eloquent-relationships\\vendor\\laravel\\framework\\src\\Illuminate\\Container\\Util.php(41): Illuminate\\Container\\BoundMethod::Illuminate\\Container\\{closure}()
#14 C:\\Web\\Web3\\laravel\\eloquent-relationships\\vendor\\laravel\\framework\\src\\Illuminate\\Container\\BoundMethod.php(93): Illuminate\\Container\\Util::unwrapIfClosure(Object(Closure))
#15 C:\\Web\\Web3\\laravel\\eloquent-relationships\\vendor\\laravel\\framework\\src\\Illuminate\\Container\\BoundMethod.php(35): Illuminate\\Container\\BoundMethod::callBoundMethod(Object(Illuminate\\Foundation\\Application), Array, Object(Closure))
#16 C:\\Web\\Web3\\laravel\\eloquent-relationships\\vendor\\laravel\\framework\\src\\Illuminate\\Container\\Container.php(662): Illuminate\\Container\\BoundMethod::call(Object(Illuminate\\Foundation\\Application), Array, Array, NULL)
#17 C:\\Web\\Web3\\laravel\\eloquent-relationships\\vendor\\laravel\\framework\\src\\Illuminate\\Database\\Seeder.php(184): Illuminate\\Container\\Container->call(Array, Array)
#18 C:\\Web\\Web3\\laravel\\eloquent-relationships\\vendor\\laravel\\framework\\src\\Illuminate\\Database\\Seeder.php(193): Illuminate\\Database\\Seeder->Illuminate\\Database\\{closure}()
#19 C:\\Web\\Web3\\laravel\\eloquent-relationships\\vendor\\laravel\\framework\\src\\Illuminate\\Database\\Console\\Seeds\\SeedCommand.php(70): Illuminate\\Database\\Seeder->__invoke()
#20 C:\\Web\\Web3\\laravel\\eloquent-relationships\\vendor\\laravel\\framework\\src\\Illuminate\\Database\\Eloquent\\Concerns\\GuardsAttributes.php(155): Illuminate\\Database\\Console\\Seeds\\SeedCommand->Illuminate\\Database\\Console\\Seeds\\{closure}()
#21 C:\\Web\\Web3\\laravel\\eloquent-relationships\\vendor\\laravel\\framework\\src\\Illuminate\\Database\\Console\\Seeds\\SeedCommand.php(69): Illuminate\\Database\\Eloquent\\Model::unguarded(Object(Closure))
#22 C:\\Web\\Web3\\laravel\\eloquent-relationships\\vendor\\laravel\\framework\\src\\Illuminate\\Container\\BoundMethod.php(36): Illuminate\\Database\\Console\\Seeds\\SeedCommand->handle()
#23 C:\\Web\\Web3\\laravel\\eloquent-relationships\\vendor\\laravel\\framework\\src\\Illuminate\\Container\\Util.php(41): Illuminate\\Container\\BoundMethod::Illuminate\\Container\\{closure}()
#24 C:\\Web\\Web3\\laravel\\eloquent-relationships\\vendor\\laravel\\framework\\src\\Illuminate\\Container\\BoundMethod.php(93): Illuminate\\Container\\Util::unwrapIfClosure(Object(Closure))
#25 C:\\Web\\Web3\\laravel\\eloquent-relationships\\vendor\\laravel\\framework\\src\\Illuminate\\Container\\BoundMethod.php(35): Illuminate\\Container\\BoundMethod::callBoundMethod(Object(Illuminate\\Foundation\\Application), Array, Object(Closure))
#26 C:\\Web\\Web3\\laravel\\eloquent-relationships\\vendor\\laravel\\framework\\src\\Illuminate\\Container\\Container.php(662): Illuminate\\Container\\BoundMethod::call(Object(Illuminate\\Foundation\\Application), Array, Array, NULL)
#27 C:\\Web\\Web3\\laravel\\eloquent-relationships\\vendor\\laravel\\framework\\src\\Illuminate\\Console\\Command.php(213): Illuminate\\Container\\Container->call(Array)
#28 C:\\Web\\Web3\\laravel\\eloquent-relationships\\vendor\\symfony\\console\\Command\\Command.php(279): Illuminate\\Console\\Command->execute(Object(Symfony\\Component\\Console\\Input\\ArgvInput), Object(Illuminate\\Console\\OutputStyle))
#29 C:\\Web\\Web3\\laravel\\eloquent-relationships\\vendor\\laravel\\framework\\src\\Illuminate\\Console\\Command.php(182): Symfony\\Component\\Console\\Command\\Command->run(Object(Symfony\\Component\\Console\\Input\\ArgvInput), Object(Illuminate\\Console\\OutputStyle))
#30 C:\\Web\\Web3\\laravel\\eloquent-relationships\\vendor\\symfony\\console\\Application.php(1047): Illuminate\\Console\\Command->run(Object(Symfony\\Component\\Console\\Input\\ArgvInput), Object(Symfony\\Component\\Console\\Output\\ConsoleOutput))
#31 C:\\Web\\Web3\\laravel\\eloquent-relationships\\vendor\\symfony\\console\\Application.php(316): Symfony\\Component\\Console\\Application->doRunCommand(Object(Illuminate\\Database\\Console\\Seeds\\SeedCommand), Object(Symfony\\Component\\Console\\Input\\ArgvInput), Object(Symfony\\Component\\Console\\Output\\ConsoleOutput))
#32 C:\\Web\\Web3\\laravel\\eloquent-relationships\\vendor\\symfony\\console\\Application.php(167): Symfony\\Component\\Console\\Application->doRun(Object(Symfony\\Component\\Console\\Input\\ArgvInput), Object(Symfony\\Component\\Console\\Output\\ConsoleOutput))
#33 C:\\Web\\Web3\\laravel\\eloquent-relationships\\vendor\\laravel\\framework\\src\\Illuminate\\Foundation\\Console\\Kernel.php(196): Symfony\\Component\\Console\\Application->run(Object(Symfony\\Component\\Console\\Input\\ArgvInput), Object(Symfony\\Component\\Console\\Output\\ConsoleOutput))
#34 C:\\Web\\Web3\\laravel\\eloquent-relationships\\vendor\\laravel\\framework\\src\\Illuminate\\Foundation\\Application.php(1198): Illuminate\\Foundation\\Console\\Kernel->handle(Object(Symfony\\Component\\Console\\Input\\ArgvInput), Object(Symfony\\Component\\Console\\Output\\ConsoleOutput))
#35 C:\\Web\\Web3\\laravel\\eloquent-relationships\\artisan(13): Illuminate\\Foundation\\Application->handleCommand(Object(Symfony\\Component\\Console\\Input\\ArgvInput))
#36 {main}
"} 
